Watching for changes in E:/标仔/Bzone-blog/archetypes, E:/标仔/Bzone-blog/assets/css, E:/标仔/Bzone-blog/content/posts, E:/标仔/Bzone-blog/layouts/_default, E:/标仔/Bzone-blog/static/images
Watching for config changes in E:\标仔\Bzone-blog\hugo.toml, E:\标仔\Bzone-blog\config\_default
Start building sites … 
hugo v0.159.0-2ed7d193cfdfcf11808fb2a921a9429423b0ebe9+extended windows/amd64 BuildDate=2026-03-23T18:16:59Z VendorInfo=gohugoio


                  │ ZH - CN 
──────────────────┼─────────
 Pages            │      25 
 Paginator pages  │       0 
 Non-page files   │       0 
 Static files     │       2 
 Processed images │       0 
 Aliases          │       0 
 Cleaned          │       0 

Built in 100 ms
Environment: "development"
Serving pages from disk
Web Server is available at http://localhost:1313/Bzone-blog/ (bind address 127.0.0.1) 
Press Ctrl+C to stop

Change detected, rebuilding site (#1).
2026-04-29 13:42:17.169 +0800
Asset changed /css/site.css
Web Server is available at http://localhost:1313/Bzone-blog/ (bind address 127.0.0.1)
Total in 12 ms

Change detected, rebuilding site (#2).
2026-04-29 13:43:10.668 +0800
Template changed /index.html
Web Server is available at http://localhost:1313/Bzone-blog/ (bind address 127.0.0.1)
Total in 13 ms

Change detected, rebuilding site (#3).
2026-04-29 13:43:20.152 +0800
Asset changed /css/site.css
Web Server is available at http://localhost:1313/Bzone-blog/ (bind address 127.0.0.1)
Total in 19 ms

Change detected, rebuilding site (#4).
2026-04-29 13:43:47.651 +0800
Template changed /index.html
Web Server is available at http://localhost:1313/Bzone-blog/ (bind address 127.0.0.1)
Total in 14 ms

Change detected, rebuilding site (#5).
2026-04-29 13:45:41.154 +0800
Template changed /index.html
Web Server is available at http://localhost:1313/Bzone-blog/ (bind address 127.0.0.1)
Total in 12 ms

Change detected, rebuilding site (#6).
2026-04-29 13:45:45.169 +0800
Asset changed /css/site.css
Web Server is available at http://localhost:1313/Bzone-blog/ (bind address 127.0.0.1)
Total in 21 ms

Change of Static files detected, rebuilding site (#7).
2026-04-29 13:45:57.652 +0800
Syncing \images\github.svg to \
Syncing \images to \
Syncing \images\bilibili.svg to \

Change detected, rebuilding site (#8).
2026-04-29 13:46:50.141 +0800
Asset changed /css/site.css
Web Server is available at http://localhost:1313/Bzone-blog/ (bind address 127.0.0.1)
Total in 12 ms

Change of Static files detected, rebuilding site (#9).
2026-04-29 13:47:53.169 +0800
Syncing \images\github.svg to \
Syncing \images\bilibili.svg to \

Change detected, rebuilding site (#10).
2026-04-29 13:47:53.179 +0800
Asset changed /css/site.css
Web Server is available at http://localhost:1313/Bzone-blog/ (bind address 127.0.0.1)
Total in 15 ms

Change of Static files detected, rebuilding site (#11).
2026-04-29 13:49:44.671 +0800
Syncing \images\github.svg to \
Syncing \images to \
Syncing \images\bilibili.svg to \

Change detected, rebuilding site (#12).
2026-04-29 13:50:19.643 +0800
Asset changed /css/site.css
Web Server is available at http://localhost:1313/Bzone-blog/ (bind address 127.0.0.1)
Total in 10 ms

Change detected, rebuilding site (#13).
2026-04-29 13:50:34.652 +0800
Asset changed /css/site.css
Web Server is available at http://localhost:1313/Bzone-blog/ (bind address 127.0.0.1)
Total in 12 ms

Change detected, rebuilding site (#14).
2026-04-29 13:52:31.168 +0800
Template changed /index.html
Web Server is available at http://localhost:1313/Bzone-blog/ (bind address 127.0.0.1)
Total in 13 ms

Change detected, rebuilding site (#15).
2026-04-29 13:53:14.668 +0800
Asset changed /css/site.css
Web Server is available at http://localhost:1313/Bzone-blog/ (bind address 127.0.0.1)
Total in 12 ms

Change detected, rebuilding site (#16).
2026-04-29 13:53:45.668 +0800
Asset changed /css/site.css
Web Server is available at http://localhost:1313/Bzone-blog/ (bind address 127.0.0.1)
Total in 12 ms

Change detected, rebuilding site (#17).
2026-04-29 13:53:57.169 +0800
Asset changed /css/site.css
Web Server is available at http://localhost:1313/Bzone-blog/ (bind address 127.0.0.1)
Total in 13 ms

Change detected, rebuilding site (#18).
2026-04-29 13:55:53.669 +0800
Asset changed /css/site.css
Web Server is available at http://localhost:1313/Bzone-blog/ (bind address 127.0.0.1)
Total in 13 ms

Change of Static files detected, rebuilding site (#19).
2026-04-29 13:58:28.152 +0800
Syncing \images\微信.svg to \
Syncing \images to \
Syncing \images\邮箱.svg to \

Change detected, rebuilding site (#20).
2026-04-29 13:58:37.150 +0800
Template changed /index.html
Web Server is available at http://localhost:1313/Bzone-blog/ (bind address 127.0.0.1)
Total in 16 ms

Change detected, rebuilding site (#21).
2026-04-29 13:59:06.169 +0800
Asset changed /css/site.css
Web Server is available at http://localhost:1313/Bzone-blog/ (bind address 127.0.0.1)
Total in 12 ms

Change detected, rebuilding site (#22).
2026-04-29 13:59:19.151 +0800
Asset changed /css/site.css
Web Server is available at http://localhost:1313/Bzone-blog/ (bind address 127.0.0.1)
Total in 15 ms

Change detected, rebuilding site (#23).
2026-04-29 14:00:28.169 +0800
Template changed /index.html
Web Server is available at http://localhost:1313/Bzone-blog/ (bind address 127.0.0.1)
Total in 14 ms

Change detected, rebuilding site (#24).
2026-04-29 14:00:36.174 +0800
Asset changed /css/site.css
Web Server is available at http://localhost:1313/Bzone-blog/ (bind address 127.0.0.1)
Total in 11 ms

Change detected, rebuilding site (#25).
2026-04-29 14:02:23.668 +0800
Asset changed /css/site.css
Web Server is available at http://localhost:1313/Bzone-blog/ (bind address 127.0.0.1)
Total in 14 ms

Change detected, rebuilding site (#26).
2026-04-29 14:02:58.652 +0800
Asset changed /css/site.css
Web Server is available at http://localhost:1313/Bzone-blog/ (bind address 127.0.0.1)
Total in 19 ms

Change detected, rebuilding site (#27).
2026-04-29 14:04:03.169 +0800
Asset changed /css/site.css
Web Server is available at http://localhost:1313/Bzone-blog/ (bind address 127.0.0.1)
Total in 15 ms

Change detected, rebuilding site (#28).
2026-04-29 14:04:36.669 +0800
Asset changed /css/site.css
Web Server is available at http://localhost:1313/Bzone-blog/ (bind address 127.0.0.1)
Total in 12 ms

Change detected, rebuilding site (#29).
2026-04-29 14:05:27.171 +0800
Asset changed /css/site.css
Web Server is available at http://localhost:1313/Bzone-blog/ (bind address 127.0.0.1)
Total in 30 ms

Change detected, rebuilding site (#30).
2026-04-29 14:05:38.641 +0800
Asset changed /css/site.css
Web Server is available at http://localhost:1313/Bzone-blog/ (bind address 127.0.0.1)
Total in 12 ms

Change detected, rebuilding site (#31).
2026-04-29 14:07:41.170 +0800
Asset changed /css/site.css
Web Server is available at http://localhost:1313/Bzone-blog/ (bind address 127.0.0.1)
Total in 14 ms

Change detected, rebuilding site (#32).
2026-04-29 14:08:46.153 +0800
Asset changed /css/site.css
Web Server is available at http://localhost:1313/Bzone-blog/ (bind address 127.0.0.1)
Total in 13 ms

Change detected, rebuilding site (#33).
2026-04-29 14:12:37.652 +0800
Template changed /index.html
Web Server is available at http://localhost:1313/Bzone-blog/ (bind address 127.0.0.1)
Total in 14 ms

Change detected, rebuilding site (#34).
2026-04-29 14:12:44.151 +0800
Template changed /_default/baseof.html
Web Server is available at http://localhost:1313/Bzone-blog/ (bind address 127.0.0.1)
Total in 19 ms

Change detected, rebuilding site (#35).
2026-04-29 14:13:41.652 +0800
Template changed /_default/single.html
Web Server is available at http://localhost:1313/Bzone-blog/ (bind address 127.0.0.1)
Total in 14 ms

Change detected, rebuilding site (#36).
2026-04-29 14:13:57.169 +0800
Asset changed /css/site.css
Web Server is available at http://localhost:1313/Bzone-blog/ (bind address 127.0.0.1)
Total in 14 ms

Change detected, rebuilding site (#37).
2026-04-29 14:14:05.151 +0800
Asset changed /css/site.css
Web Server is available at http://localhost:1313/Bzone-blog/ (bind address 127.0.0.1)
Total in 16 ms

Change detected, rebuilding site (#38).
2026-04-29 14:14:21.141 +0800
Template changed /_default/single.html
Web Server is available at http://localhost:1313/Bzone-blog/ (bind address 127.0.0.1)
Total in 16 ms

Change detected, rebuilding site (#39).
2026-04-29 14:14:42.151 +0800
Asset changed /css/site.css
Web Server is available at http://localhost:1313/Bzone-blog/ (bind address 127.0.0.1)
Total in 22 ms

Change detected, rebuilding site (#40).
2026-04-29 14:16:37.144 +0800
Asset changed /css/site.css
Web Server is available at http://localhost:1313/Bzone-blog/ (bind address 127.0.0.1)
Total in 18 ms

Change detected, rebuilding site (#41).
2026-04-29 14:16:46.652 +0800
Source changed /posts/hello-hugo.md
Web Server is available at http://localhost:1313/Bzone-blog/ (bind address 127.0.0.1)
Total in 14 ms

Change detected, rebuilding site (#42).
2026-04-29 14:16:54.168 +0800
Source changed /posts/stm32-notes.md
Web Server is available at http://localhost:1313/Bzone-blog/ (bind address 127.0.0.1)
Total in 13 ms

Change detected, rebuilding site (#43).
2026-04-29 14:18:56.669 +0800
Asset changed /css/site.css
Web Server is available at http://localhost:1313/Bzone-blog/ (bind address 127.0.0.1)
Total in 13 ms

Change detected, rebuilding site (#44).
2026-04-29 14:20:09.669 +0800
Asset changed /css/site.css
Web Server is available at http://localhost:1313/Bzone-blog/ (bind address 127.0.0.1)
Total in 10 ms

Change detected, rebuilding site (#45).
2026-04-29 14:21:25.652 +0800
Template changed /_default/single.html
Web Server is available at http://localhost:1313/Bzone-blog/ (bind address 127.0.0.1)
Total in 14 ms

Change detected, rebuilding site (#46).
2026-04-29 14:21:35.669 +0800
Asset changed /css/site.css
Web Server is available at http://localhost:1313/Bzone-blog/ (bind address 127.0.0.1)
Total in 12 ms

Change detected, rebuilding site (#47).
2026-04-29 14:28:12.168 +0800
Asset changed /css/site.css
Web Server is available at http://localhost:1313/Bzone-blog/ (bind address 127.0.0.1)
Total in 16 ms

Change detected, rebuilding site (#48).
2026-04-29 14:28:21.669 +0800
Asset changed /css/site.css
Web Server is available at http://localhost:1313/Bzone-blog/ (bind address 127.0.0.1)
Total in 13 ms

Change detected, rebuilding site (#49).
2026-04-29 14:34:05.169 +0800
Asset changed /css/site.css
Web Server is available at http://localhost:1313/Bzone-blog/ (bind address 127.0.0.1)
Total in 14 ms

Change detected, rebuilding site (#50).
2026-04-29 14:34:34.669 +0800
Asset changed /css/site.css
Web Server is available at http://localhost:1313/Bzone-blog/ (bind address 127.0.0.1)
Total in 14 ms

Change detected, rebuilding site (#51).
2026-04-29 14:44:47.652 +0800
Asset changed /css/site.css
Web Server is available at http://localhost:1313/Bzone-blog/ (bind address 127.0.0.1)
Total in 15 ms

Change detected, rebuilding site (#52).
2026-04-29 14:45:25.151 +0800
Asset changed /css/site.css
Web Server is available at http://localhost:1313/Bzone-blog/ (bind address 127.0.0.1)
Total in 19 ms

Change detected, rebuilding site (#53).
2026-04-29 14:52:57.151 +0800
Asset changed /css/site.css
Web Server is available at http://localhost:1313/Bzone-blog/ (bind address 127.0.0.1)
Total in 14 ms

Change detected, rebuilding site (#54).
2026-04-29 14:55:04.652 +0800
Asset changed /css/site.css
Web Server is available at http://localhost:1313/Bzone-blog/ (bind address 127.0.0.1)
Total in 15 ms

Change detected, rebuilding site (#55).
2026-04-30 04:49:56.471 +0800
Asset changed /css/site.css
Web Server is available at http://localhost:1313/Bzone-blog/ (bind address 127.0.0.1)
Total in 28 ms

Change detected, rebuilding site (#56).
2026-04-30 04:55:07.486 +0800
Asset changed /css/site.css
Web Server is available at http://localhost:1313/Bzone-blog/ (bind address 127.0.0.1)
Total in 22 ms

Change detected, rebuilding site (#57).
2026-04-30 04:58:36.467 +0800
Asset changed /css/site.css
Web Server is available at http://localhost:1313/Bzone-blog/ (bind address 127.0.0.1)
Total in 18 ms

Change detected, rebuilding site (#58).
2026-04-30 05:01:35.468 +0800
Asset changed /css/site.css
Web Server is available at http://localhost:1313/Bzone-blog/ (bind address 127.0.0.1)
Total in 20 ms

Change detected, rebuilding site (#59).
2026-04-30 05:04:22.986 +0800
Asset changed /css/site.css
Web Server is available at http://localhost:1313/Bzone-blog/ (bind address 127.0.0.1)
Total in 24 ms

Change of config file detected, rebuilding site (#60).
2026-04-30 05:36:07.959 +0800
Web Server is available at http://localhost:1313/Bzone-blog/ (bind address 127.0.0.1)
Rebuilt in 339 ms

Change of config file detected, rebuilding site (#61).
2026-04-30 05:41:10.469 +0800
Web Server is available at http://localhost:1313/Bzone-blog/ (bind address 127.0.0.1)
Rebuilt in 187 ms
